Using pre-set license
Built from '2020.3/staging' branch; Version is '2020.3.0f1 (c7b5465681fb) revision 13088070'; Using compiler version '192528614'; Build Type 'Release'
OS: 'Windows 10 Home; OS build 19041.1052; Version 2004; 64bit' Language: 'en' Physical Memory: 16230 MB
BatchMode: 1, IsHumanControllingUs: 0, StartBugReporterOnCrash: 0, Is64bit: 1, IsPro: 0

 COMMAND LINE ARGUMENTS:
C:\Program Files\Unity\Hub\Editor\2020.3.0f1\Editor\Unity.exe
-adb2
-batchMode
-noUpm
-name
AssetImportWorker0
-projectPath
C:/Users/Enin/Unity/UdemyTestAction2d
-logFile
Logs/AssetImportWorker0.log
-srvPort
58037
Successfully changed project path to: C:/Users/Enin/Unity/UdemyTestAction2d
C:/Users/Enin/Unity/UdemyTestAction2d
Using Asset Import Pipeline V2.
Refreshing native plugins compatible for Editor in 33.17 ms, found 1 plugins.
Preloading 0 native plugins for Editor in 0.00 ms.
Initialize engine version: 2020.3.0f1 (c7b5465681fb)
[Subsystems] Discovering subsystems at path C:/Program Files/Unity/Hub/Editor/2020.3.0f1/Editor/Data/Resources/UnitySubsystems
[Subsystems] Discovering subsystems at path C:/Users/Enin/Unity/UdemyTestAction2d/Assets
GfxDevice: creating device client; threaded=0
Direct3D:
    Version:  Direct3D 11.0 [level 11.1]
    Renderer: Intel(R) UHD Graphics 630 (ID=0x9bc8)
    Vendor:   
    VRAM:     8115 MB
    Driver:   27.20.100.8681
Initialize mono
Mono path[0] = 'C:/Program Files/Unity/Hub/Editor/2020.3.0f1/Editor/Data/Managed'
Mono path[1] = 'C:/Program Files/Unity/Hub/Editor/2020.3.0f1/Editor/Data/MonoBleedingEdge/lib/mono/unityjit'
Mono config path = 'C:/Program Files/Unity/Hub/Editor/2020.3.0f1/Editor/Data/MonoBleedingEdge/etc'
Using monoOptions --debugger-agent=transport=dt_socket,embedding=1,server=y,suspend=n,address=127.0.0.1:56256
Begin MonoManager ReloadAssembly
Registering precompiled unity dll's ...
Register platform support module: C:/Program Files/Unity/Hub/Editor/2020.3.0f1/Editor/Data/PlaybackEngines/WebGLSupport/UnityEditor.WebGL.Extensions.dll
Register platform support module: C:/Program Files/Unity/Hub/Editor/2020.3.0f1/Editor/Data/PlaybackEngines/MacStandaloneSupport/UnityEditor.OSXStandalone.Extensions.dll
Register platform support module: C:/Program Files/Unity/Hub/Editor/2020.3.0f1/Editor/Data/PlaybackEngines/WindowsStandaloneSupport/UnityEditor.WindowsStandalone.Extensions.dll
Registered in 0.002497 seconds.
Native extension for WindowsStandalone target not found
Native extension for OSXStandalone target not found
Native extension for WebGL target not found
Refreshing native plugins compatible for Editor in 32.84 ms, found 1 plugins.
Preloading 0 native plugins for Editor in 0.00 ms.
Invoked RoslynAnalysisRunner static constructor.
RoslynAnalysisRunner will not be running.
RoslynAnalysisRunner has terminated.
Mono: successfully reloaded assembly
- Completed reload, in  1.206 seconds
Platform modules already initialized, skipping
Registering precompiled user dll's ...
Registered in 0.000867 seconds.
Begin MonoManager ReloadAssembly
Native extension for WindowsStandalone target not found
Native extension for OSXStandalone target not found
Native extension for WebGL target not found
Refreshing native plugins compatible for Editor in 33.17 ms, found 1 plugins.
Preloading 0 native plugins for Editor in 0.00 ms.
Invoked RoslynAnalysisRunner static constructor.
RoslynAnalysisRunner will not be running.
RoslynAnalysisRunner has terminated.
Mono: successfully reloaded assembly
- Completed reload, in  0.828 seconds
Platform modules already initialized, skipping
========================================================================
Worker process is ready to serve import requests
Launched and connected shader compiler UnityShaderCompiler.exe after 0.05 seconds
Refreshing native plugins compatible for Editor in 0.34 ms, found 1 plugins.
Preloading 0 native plugins for Editor in 0.00 ms.
Unloading 1815 Unused Serialized files (Serialized files now loaded: 0)
System memory in use before: 84.8 MB.
System memory in use after: 84.8 MB.

Unloading 24 unused Assets to reduce memory usage. Loaded Objects now: 2258.
Total: 1.909400 ms (FindLiveObjects: 0.171900 ms CreateObjectMapping: 0.056000 ms MarkObjects: 1.571800 ms  DeleteObjects: 0.108800 ms)

========================================================================
Received Import Request.
  path: Assets/Scripts/1st-Stage
  artifactKey: Guid(82c3e0cfb7f4b6240b7b9ebb68400974) Importer(815301076,1909f56bfc062723c751e8b465ee728b)
Start importing Assets/Scripts/1st-Stage using Guid(82c3e0cfb7f4b6240b7b9ebb68400974) Importer(815301076,1909f56bfc062723c751e8b465ee728b)  -> (artifact id: 'a10e61fe1adf47ba9d24f1e8f8997d3c') in 0.007459 seconds
  Import took 0.010506 seconds .

========================================================================
Received Import Request.
  Time since last request: 38.668908 seconds.
  path: Assets/Scripts/1st-Stage/Player.cs
  artifactKey: Guid(f15f03afd281fdf4caf04790e7b6d7dd) Importer(815301076,1909f56bfc062723c751e8b465ee728b)
Start importing Assets/Scripts/1st-Stage/Player.cs using Guid(f15f03afd281fdf4caf04790e7b6d7dd) Importer(815301076,1909f56bfc062723c751e8b465ee728b)  -> (artifact id: '3da887ffe5346ae6786ff49493eca964') in 0.027414 seconds
  Import took 0.031232 seconds .

========================================================================
Received Prepare
Registering precompiled user dll's ...
Registered in 0.000925 seconds.
Begin MonoManager ReloadAssembly
Native extension for WindowsStandalone target not found
Native extension for OSXStandalone target not found
Native extension for WebGL target not found
Refreshing native plugins compatible for Editor in 0.35 ms, found 1 plugins.
Preloading 0 native plugins for Editor in 0.00 ms.
Invoked RoslynAnalysisRunner static constructor.
RoslynAnalysisRunner will not be running.
RoslynAnalysisRunner has terminated.
Mono: successfully reloaded assembly
- Completed reload, in  0.760 seconds
Platform modules already initialized, skipping
Refreshing native plugins compatible for Editor in 0.37 ms, found 1 plugins.
Preloading 0 native plugins for Editor in 0.00 ms.
Unloading 1811 Unused Serialized files (Serialized files now loaded: 0)
System memory in use before: 84.8 MB.
System memory in use after: 84.8 MB.

Unloading 12 unused Assets to reduce memory usage. Loaded Objects now: 2263.
Total: 2.631000 ms (FindLiveObjects: 0.216200 ms CreateObjectMapping: 0.112300 ms MarkObjects: 2.158000 ms  DeleteObjects: 0.142500 ms)

========================================================================
Received Prepare
Registering precompiled user dll's ...
Registered in 0.001021 seconds.
Begin MonoManager ReloadAssembly
Native extension for WindowsStandalone target not found
Native extension for OSXStandalone target not found
Native extension for WebGL target not found
Refreshing native plugins compatible for Editor in 0.34 ms, found 1 plugins.
Preloading 0 native plugins for Editor in 0.00 ms.
Invoked RoslynAnalysisRunner static constructor.
RoslynAnalysisRunner will not be running.
RoslynAnalysisRunner has terminated.
Mono: successfully reloaded assembly
- Completed reload, in  0.763 seconds
Platform modules already initialized, skipping
Refreshing native plugins compatible for Editor in 0.34 ms, found 1 plugins.
Preloading 0 native plugins for Editor in 0.00 ms.
Unloading 1811 Unused Serialized files (Serialized files now loaded: 0)
System memory in use before: 84.9 MB.
System memory in use after: 84.9 MB.

Unloading 12 unused Assets to reduce memory usage. Loaded Objects now: 2267.
Total: 2.115600 ms (FindLiveObjects: 0.220800 ms CreateObjectMapping: 0.058500 ms MarkObjects: 1.738800 ms  DeleteObjects: 0.096500 ms)

========================================================================
Received Import Request.
  Time since last request: 693.644876 seconds.
  path: Assets/Scripts/1st-Stage/Player.cs
  artifactKey: Guid(f15f03afd281fdf4caf04790e7b6d7dd) Importer(815301076,1909f56bfc062723c751e8b465ee728b)
Start importing Assets/Scripts/1st-Stage/Player.cs using Guid(f15f03afd281fdf4caf04790e7b6d7dd) Importer(815301076,1909f56bfc062723c751e8b465ee728b)  -> (artifact id: 'c164f3d5c7cd8dbd03ce5c6ed55553f2') in 0.003759 seconds
  Import took 0.009963 seconds .

========================================================================
Received Prepare
Registering precompiled user dll's ...
Registered in 0.001056 seconds.
Begin MonoManager ReloadAssembly
Native extension for WindowsStandalone target not found
Native extension for OSXStandalone target not found
Native extension for WebGL target not found
Refreshing native plugins compatible for Editor in 0.35 ms, found 1 plugins.
Preloading 0 native plugins for Editor in 0.00 ms.
Invoked RoslynAnalysisRunner static constructor.
RoslynAnalysisRunner will not be running.
RoslynAnalysisRunner has terminated.
Mono: successfully reloaded assembly
- Completed reload, in  0.762 seconds
Platform modules already initialized, skipping
Refreshing native plugins compatible for Editor in 0.33 ms, found 1 plugins.
Preloading 0 native plugins for Editor in 0.00 ms.
Unloading 1811 Unused Serialized files (Serialized files now loaded: 0)
System memory in use before: 84.9 MB.
System memory in use after: 84.9 MB.

Unloading 12 unused Assets to reduce memory usage. Loaded Objects now: 2271.
Total: 2.025700 ms (FindLiveObjects: 0.182500 ms CreateObjectMapping: 0.064400 ms MarkObjects: 1.683200 ms  DeleteObjects: 0.094400 ms)

========================================================================
Received Prepare
Registering precompiled user dll's ...
Registered in 0.000933 seconds.
Begin MonoManager ReloadAssembly
Native extension for WindowsStandalone target not found
Native extension for OSXStandalone target not found
Native extension for WebGL target not found
Refreshing native plugins compatible for Editor in 0.35 ms, found 1 plugins.
Preloading 0 native plugins for Editor in 0.00 ms.
Invoked RoslynAnalysisRunner static constructor.
RoslynAnalysisRunner will not be running.
RoslynAnalysisRunner has terminated.
Mono: successfully reloaded assembly
- Completed reload, in  0.750 seconds
Platform modules already initialized, skipping
Refreshing native plugins compatible for Editor in 0.35 ms, found 1 plugins.
Preloading 0 native plugins for Editor in 0.00 ms.
Unloading 1811 Unused Serialized files (Serialized files now loaded: 0)
System memory in use before: 84.9 MB.
System memory in use after: 84.9 MB.

Unloading 12 unused Assets to reduce memory usage. Loaded Objects now: 2275.
Total: 2.158600 ms (FindLiveObjects: 0.260500 ms CreateObjectMapping: 0.089100 ms MarkObjects: 1.708100 ms  DeleteObjects: 0.099400 ms)

========================================================================
Received Prepare
Registering precompiled user dll's ...
Registered in 0.001033 seconds.
Begin MonoManager ReloadAssembly
Native extension for WindowsStandalone target not found
Native extension for OSXStandalone target not found
Native extension for WebGL target not found
Refreshing native plugins compatible for Editor in 0.40 ms, found 1 plugins.
Preloading 0 native plugins for Editor in 0.00 ms.
Invoked RoslynAnalysisRunner static constructor.
RoslynAnalysisRunner will not be running.
RoslynAnalysisRunner has terminated.
Mono: successfully reloaded assembly
- Completed reload, in  0.768 seconds
Platform modules already initialized, skipping
Refreshing native plugins compatible for Editor in 0.38 ms, found 1 plugins.
Preloading 0 native plugins for Editor in 0.00 ms.
Unloading 1811 Unused Serialized files (Serialized files now loaded: 0)
System memory in use before: 84.9 MB.
System memory in use after: 84.9 MB.

Unloading 12 unused Assets to reduce memory usage. Loaded Objects now: 2279.
Total: 1.936800 ms (FindLiveObjects: 0.178400 ms CreateObjectMapping: 0.061600 ms MarkObjects: 1.598300 ms  DeleteObjects: 0.097700 ms)

========================================================================
Received Prepare
Registering precompiled user dll's ...
Registered in 0.000897 seconds.
Begin MonoManager ReloadAssembly
Native extension for WindowsStandalone target not found
Native extension for OSXStandalone target not found
Native extension for WebGL target not found
Refreshing native plugins compatible for Editor in 0.35 ms, found 1 plugins.
Preloading 0 native plugins for Editor in 0.00 ms.
Invoked RoslynAnalysisRunner static constructor.
RoslynAnalysisRunner will not be running.
RoslynAnalysisRunner has terminated.
Mono: successfully reloaded assembly
- Completed reload, in  0.736 seconds
Platform modules already initialized, skipping
Refreshing native plugins compatible for Editor in 0.35 ms, found 1 plugins.
Preloading 0 native plugins for Editor in 0.00 ms.
Unloading 1811 Unused Serialized files (Serialized files now loaded: 0)
System memory in use before: 84.9 MB.
System memory in use after: 84.9 MB.

Unloading 12 unused Assets to reduce memory usage. Loaded Objects now: 2283.
Total: 2.044300 ms (FindLiveObjects: 0.190400 ms CreateObjectMapping: 0.065300 ms MarkObjects: 1.685700 ms  DeleteObjects: 0.101900 ms)

========================================================================
Received Prepare
Registering precompiled user dll's ...
Registered in 0.000907 seconds.
Begin MonoManager ReloadAssembly
Native extension for WindowsStandalone target not found
Native extension for OSXStandalone target not found
Native extension for WebGL target not found
Refreshing native plugins compatible for Editor in 0.35 ms, found 1 plugins.
Preloading 0 native plugins for Editor in 0.00 ms.
Invoked RoslynAnalysisRunner static constructor.
RoslynAnalysisRunner will not be running.
RoslynAnalysisRunner has terminated.
Mono: successfully reloaded assembly
- Completed reload, in  0.737 seconds
Platform modules already initialized, skipping
Refreshing native plugins compatible for Editor in 0.34 ms, found 1 plugins.
Preloading 0 native plugins for Editor in 0.00 ms.
Unloading 1811 Unused Serialized files (Serialized files now loaded: 0)
System memory in use before: 85.0 MB.
System memory in use after: 84.9 MB.

Unloading 12 unused Assets to reduce memory usage. Loaded Objects now: 2287.
Total: 2.165200 ms (FindLiveObjects: 0.208700 ms CreateObjectMapping: 0.063800 ms MarkObjects: 1.774500 ms  DeleteObjects: 0.117100 ms)

========================================================================
Received Prepare
Registering precompiled user dll's ...
Registered in 0.000851 seconds.
Begin MonoManager ReloadAssembly
Native extension for WindowsStandalone target not found
Native extension for OSXStandalone target not found
Native extension for WebGL target not found
Refreshing native plugins compatible for Editor in 0.35 ms, found 1 plugins.
Preloading 0 native plugins for Editor in 0.00 ms.
Invoked RoslynAnalysisRunner static constructor.
RoslynAnalysisRunner will not be running.
RoslynAnalysisRunner has terminated.
Mono: successfully reloaded assembly
- Completed reload, in  0.741 seconds
Platform modules already initialized, skipping
Refreshing native plugins compatible for Editor in 0.38 ms, found 1 plugins.
Preloading 0 native plugins for Editor in 0.00 ms.
Unloading 1811 Unused Serialized files (Serialized files now loaded: 0)
System memory in use before: 85.0 MB.
System memory in use after: 85.0 MB.

Unloading 12 unused Assets to reduce memory usage. Loaded Objects now: 2291.
Total: 2.041000 ms (FindLiveObjects: 0.183000 ms CreateObjectMapping: 0.054200 ms MarkObjects: 1.703000 ms  DeleteObjects: 0.099900 ms)

========================================================================
Received Prepare
Registering precompiled user dll's ...
Registered in 0.000913 seconds.
Begin MonoManager ReloadAssembly
Native extension for WindowsStandalone target not found
Native extension for OSXStandalone target not found
Native extension for WebGL target not found
Refreshing native plugins compatible for Editor in 0.34 ms, found 1 plugins.
Preloading 0 native plugins for Editor in 0.00 ms.
Invoked RoslynAnalysisRunner static constructor.
RoslynAnalysisRunner will not be running.
RoslynAnalysisRunner has terminated.
Mono: successfully reloaded assembly
- Completed reload, in  0.732 seconds
Platform modules already initialized, skipping
Refreshing native plugins compatible for Editor in 0.33 ms, found 1 plugins.
Preloading 0 native plugins for Editor in 0.00 ms.
Unloading 1811 Unused Serialized files (Serialized files now loaded: 0)
System memory in use before: 85.0 MB.
System memory in use after: 85.0 MB.

Unloading 12 unused Assets to reduce memory usage. Loaded Objects now: 2295.
Total: 2.109100 ms (FindLiveObjects: 0.182200 ms CreateObjectMapping: 0.064200 ms MarkObjects: 1.758200 ms  DeleteObjects: 0.103400 ms)

========================================================================
Received Import Request.
  Time since last request: 590.407385 seconds.
  path: Assets/Animation/PlayerAnimation.anim
  artifactKey: Guid(61ffb3b560ebe59468f809b7a1492a0d) Importer(815301076,1909f56bfc062723c751e8b465ee728b)
Start importing Assets/Animation/PlayerAnimation.anim using Guid(61ffb3b560ebe59468f809b7a1492a0d) Importer(815301076,1909f56bfc062723c751e8b465ee728b)  -> (artifact id: 'fd047f29c07ccbd49d364c14eaa44fcb') in 0.020708 seconds
  Import took 0.024214 seconds .

========================================================================
Received Import Request.
  Time since last request: 38.474171 seconds.
  path: Assets/Animation/player-idle-1 2.controller
  artifactKey: Guid(32ca0e61035806548b67eda5e9957a3d) Importer(815301076,1909f56bfc062723c751e8b465ee728b)
Start importing Assets/Animation/player-idle-1 2.controller using Guid(32ca0e61035806548b67eda5e9957a3d) Importer(815301076,1909f56bfc062723c751e8b465ee728b)  -> (artifact id: '2eda038d4446c43c2cd42a0706210122') in 0.005591 seconds
  Import took 0.012218 seconds .

========================================================================
Received Import Request.
  Time since last request: 10.810212 seconds.
  path: Assets/Animation/player-idle-1 1.controller
  artifactKey: Guid(85402826a035b284f9e9c7f962998f4d) Importer(815301076,1909f56bfc062723c751e8b465ee728b)
Start importing Assets/Animation/player-idle-1 1.controller using Guid(85402826a035b284f9e9c7f962998f4d) Importer(815301076,1909f56bfc062723c751e8b465ee728b)  -> (artifact id: '3a11c56dc31865747a08440c4f9fd67e') in 0.002535 seconds
  Import took 0.008983 seconds .

========================================================================
Received Import Request.
  Time since last request: 0.000445 seconds.
  path: Assets/Animation/player-idle-1 1.controller
  artifactKey: Guid(85402826a035b284f9e9c7f962998f4d) Importer(815301076,1909f56bfc062723c751e8b465ee728b)
Start importing Assets/Animation/player-idle-1 1.controller using Guid(85402826a035b284f9e9c7f962998f4d) Importer(815301076,1909f56bfc062723c751e8b465ee728b)  -> (artifact id: '3a11c56dc31865747a08440c4f9fd67e') in 0.002253 seconds
  Import took 0.005274 seconds .

========================================================================
Received Prepare
Registering precompiled user dll's ...
Registered in 0.000918 seconds.
Begin MonoManager ReloadAssembly
Native extension for WindowsStandalone target not found
Native extension for OSXStandalone target not found
Native extension for WebGL target not found
Refreshing native plugins compatible for Editor in 0.34 ms, found 1 plugins.
Preloading 0 native plugins for Editor in 0.00 ms.
Invoked RoslynAnalysisRunner static constructor.
RoslynAnalysisRunner will not be running.
RoslynAnalysisRunner has terminated.
Mono: successfully reloaded assembly
- Completed reload, in  0.755 seconds
Platform modules already initialized, skipping
Refreshing native plugins compatible for Editor in 0.34 ms, found 1 plugins.
Preloading 0 native plugins for Editor in 0.00 ms.
Unloading 1811 Unused Serialized files (Serialized files now loaded: 0)
System memory in use before: 85.0 MB.
System memory in use after: 85.0 MB.

Unloading 12 unused Assets to reduce memory usage. Loaded Objects now: 2299.
Total: 2.055600 ms (FindLiveObjects: 0.263600 ms CreateObjectMapping: 0.102500 ms MarkObjects: 1.588700 ms  DeleteObjects: 0.099900 ms)

========================================================================
Received Prepare
Registering precompiled user dll's ...
Registered in 0.000920 seconds.
Begin MonoManager ReloadAssembly
Native extension for WindowsStandalone target not found
Native extension for OSXStandalone target not found
Native extension for WebGL target not found
Refreshing native plugins compatible for Editor in 0.35 ms, found 1 plugins.
Preloading 0 native plugins for Editor in 0.00 ms.
Invoked RoslynAnalysisRunner static constructor.
RoslynAnalysisRunner will not be running.
RoslynAnalysisRunner has terminated.
Mono: successfully reloaded assembly
- Completed reload, in  0.734 seconds
Platform modules already initialized, skipping
Refreshing native plugins compatible for Editor in 0.35 ms, found 1 plugins.
Preloading 0 native plugins for Editor in 0.00 ms.
Unloading 1811 Unused Serialized files (Serialized files now loaded: 0)
System memory in use before: 85.0 MB.
System memory in use after: 85.0 MB.

Unloading 12 unused Assets to reduce memory usage. Loaded Objects now: 2303.
Total: 2.016800 ms (FindLiveObjects: 0.188200 ms CreateObjectMapping: 0.062000 ms MarkObjects: 1.660900 ms  DeleteObjects: 0.104500 ms)

========================================================================
Received Prepare
Registering precompiled user dll's ...
Registered in 0.000877 seconds.
Begin MonoManager ReloadAssembly
Native extension for WindowsStandalone target not found
Native extension for OSXStandalone target not found
Native extension for WebGL target not found
Refreshing native plugins compatible for Editor in 0.34 ms, found 1 plugins.
Preloading 0 native plugins for Editor in 0.00 ms.
Invoked RoslynAnalysisRunner static constructor.
RoslynAnalysisRunner will not be running.
RoslynAnalysisRunner has terminated.
Mono: successfully reloaded assembly
- Completed reload, in  0.744 seconds
Platform modules already initialized, skipping
Refreshing native plugins compatible for Editor in 0.35 ms, found 1 plugins.
Preloading 0 native plugins for Editor in 0.00 ms.
Unloading 1811 Unused Serialized files (Serialized files now loaded: 0)
System memory in use before: 85.0 MB.
System memory in use after: 85.0 MB.

Unloading 12 unused Assets to reduce memory usage. Loaded Objects now: 2307.
Total: 2.031400 ms (FindLiveObjects: 0.189200 ms CreateObjectMapping: 0.062300 ms MarkObjects: 1.675300 ms  DeleteObjects: 0.103500 ms)

========================================================================
Received Import Request.
  Time since last request: 274.750519 seconds.
  path: Assets/Scenes/Main.unity
  artifactKey: Guid(2cda990e2423bbf4892e6590ba056729) Importer(815301076,1909f56bfc062723c751e8b465ee728b)
Start importing Assets/Scenes/Main.unity using Guid(2cda990e2423bbf4892e6590ba056729) Importer(815301076,1909f56bfc062723c751e8b465ee728b)  -> (artifact id: '97a11bcb63992edb0a060a42f68c571f') in 0.014356 seconds
  Import took 0.017790 seconds .

========================================================================
Received Import Request.
  Time since last request: 274.517830 seconds.
  path: Assets/Sunnyland/artwork/Sprites/player/run/player-run-1.png
  artifactKey: Guid(8afd73b29f8e34c70b0db80184b8cc7f) Importer(815301076,1909f56bfc062723c751e8b465ee728b)
Start importing Assets/Sunnyland/artwork/Sprites/player/run/player-run-1.png using Guid(8afd73b29f8e34c70b0db80184b8cc7f) Importer(815301076,1909f56bfc062723c751e8b465ee728b)  -> (artifact id: '4c612cb5d085dd8280c27f46f742dbb2') in 0.123652 seconds
  Import took 0.127329 seconds .

========================================================================
Received Import Request.
  Time since last request: 0.000215 seconds.
  path: Assets/Sunnyland/artwork/Sprites/player/run/player-run-3.png
  artifactKey: Guid(3f59d4fdf4fe04ab79f11dadde82fe8c) Importer(815301076,1909f56bfc062723c751e8b465ee728b)
Start importing Assets/Sunnyland/artwork/Sprites/player/run/player-run-3.png using Guid(3f59d4fdf4fe04ab79f11dadde82fe8c) Importer(815301076,1909f56bfc062723c751e8b465ee728b)  -> (artifact id: '96e3b7c818b098f23807f91ef48f5b86') in 0.010261 seconds
  Import took 0.013297 seconds .

========================================================================
Received Import Request.
  Time since last request: 0.000253 seconds.
  path: Assets/Sunnyland/artwork/Sprites/player/run/player-run-5.png
  artifactKey: Guid(f58cc0961cc9146ca9780a0cb1327e5d) Importer(815301076,1909f56bfc062723c751e8b465ee728b)
Start importing Assets/Sunnyland/artwork/Sprites/player/run/player-run-5.png using Guid(f58cc0961cc9146ca9780a0cb1327e5d) Importer(815301076,1909f56bfc062723c751e8b465ee728b)  -> (artifact id: '8ea3e6f655fd9803dba1a4b7f3057dc6') in 0.008444 seconds
  Import took 0.011445 seconds .

========================================================================
Received Import Request.
  Time since last request: 0.000243 seconds.
  path: Assets/Sunnyland/artwork/Sprites/player/run/player-run-4.png
  artifactKey: Guid(bc3fcf1d561104bea933686de6bade4b) Importer(815301076,1909f56bfc062723c751e8b465ee728b)
Start importing Assets/Sunnyland/artwork/Sprites/player/run/player-run-4.png using Guid(bc3fcf1d561104bea933686de6bade4b) Importer(815301076,1909f56bfc062723c751e8b465ee728b)  -> (artifact id: '1db630dcfb7c1e40199ad4dcdd3e4855') in 0.009251 seconds
  Import took 0.012860 seconds .

========================================================================
Received Import Request.
  Time since last request: 0.000240 seconds.
  path: Assets/Sunnyland/artwork/Sprites/player/run/player-run-2.png
  artifactKey: Guid(d094cf6ac3d8a4d0bbbef5d6d6ad3eed) Importer(815301076,1909f56bfc062723c751e8b465ee728b)
Start importing Assets/Sunnyland/artwork/Sprites/player/run/player-run-2.png using Guid(d094cf6ac3d8a4d0bbbef5d6d6ad3eed) Importer(815301076,1909f56bfc062723c751e8b465ee728b)  -> (artifact id: '8449864081f32ba22b4fe768d1dd963d') in 0.006694 seconds
  Import took 0.009187 seconds .

========================================================================
Received Import Request.
  Time since last request: 0.000241 seconds.
  path: Assets/Sunnyland/artwork/Sprites/player/run/player-run-6.png
  artifactKey: Guid(af314424f59d946469a97f398e8de53f) Importer(815301076,1909f56bfc062723c751e8b465ee728b)
Start importing Assets/Sunnyland/artwork/Sprites/player/run/player-run-6.png using Guid(af314424f59d946469a97f398e8de53f) Importer(815301076,1909f56bfc062723c751e8b465ee728b)  -> (artifact id: '5433fee5db254d6a03836090712c641e') in 0.008076 seconds
  Import took 0.011394 seconds .

========================================================================
Received Import Request.
  Time since last request: 23.152161 seconds.
  path: Assets/Animation/player-idle-1.controller
  artifactKey: Guid(886129fb0290b834c83b366f3278c6fa) Importer(815301076,1909f56bfc062723c751e8b465ee728b)
Start importing Assets/Animation/player-idle-1.controller using Guid(886129fb0290b834c83b366f3278c6fa) Importer(815301076,1909f56bfc062723c751e8b465ee728b)  -> (artifact id: 'd0392bd73ecfcb340a394ecbce61c3dd') in 0.003544 seconds
  Import took 0.010237 seconds .

========================================================================
Received Import Request.
  Time since last request: 0.000461 seconds.
  path: Assets/Animation/player-idle-1.controller
  artifactKey: Guid(886129fb0290b834c83b366f3278c6fa) Importer(815301076,1909f56bfc062723c751e8b465ee728b)
Start importing Assets/Animation/player-idle-1.controller using Guid(886129fb0290b834c83b366f3278c6fa) Importer(815301076,1909f56bfc062723c751e8b465ee728b)  -> (artifact id: 'd0392bd73ecfcb340a394ecbce61c3dd') in 0.002941 seconds
  Import took 0.005736 seconds .

========================================================================
Received Import Request.
  Time since last request: 98.062731 seconds.
  path: Assets/Sunnyland/artwork/Sprites/player/run/player-run-1.png
  artifactKey: Guid(8afd73b29f8e34c70b0db80184b8cc7f) Importer(815301076,1909f56bfc062723c751e8b465ee728b)
Start importing Assets/Sunnyland/artwork/Sprites/player/run/player-run-1.png using Guid(8afd73b29f8e34c70b0db80184b8cc7f) Importer(815301076,1909f56bfc062723c751e8b465ee728b)  -> (artifact id: '5be675c9cb25985d244c42825987ea01') in 0.010826 seconds
  Import took 0.015045 seconds .

========================================================================
Received Import Request.
  Time since last request: 0.000404 seconds.
  path: Assets/Sunnyland/artwork/Sprites/player/run/player-run-3.png
  artifactKey: Guid(3f59d4fdf4fe04ab79f11dadde82fe8c) Importer(815301076,1909f56bfc062723c751e8b465ee728b)
Start importing Assets/Sunnyland/artwork/Sprites/player/run/player-run-3.png using Guid(3f59d4fdf4fe04ab79f11dadde82fe8c) Importer(815301076,1909f56bfc062723c751e8b465ee728b)  -> (artifact id: 'b601e470990ccad95b4f26e25fc7143d') in 0.009844 seconds
  Import took 0.012933 seconds .

========================================================================
Received Import Request.
  Time since last request: 0.000219 seconds.
  path: Assets/Sunnyland/artwork/Sprites/player/run/player-run-5.png
  artifactKey: Guid(f58cc0961cc9146ca9780a0cb1327e5d) Importer(815301076,1909f56bfc062723c751e8b465ee728b)
Start importing Assets/Sunnyland/artwork/Sprites/player/run/player-run-5.png using Guid(f58cc0961cc9146ca9780a0cb1327e5d) Importer(815301076,1909f56bfc062723c751e8b465ee728b)  -> (artifact id: 'af63ff7c8a4ca49533302565a19bfe42') in 0.012076 seconds
  Import took 0.015145 seconds .

========================================================================
Received Import Request.
  Time since last request: 0.000231 seconds.
  path: Assets/Sunnyland/artwork/Sprites/player/run/player-run-4.png
  artifactKey: Guid(bc3fcf1d561104bea933686de6bade4b) Importer(815301076,1909f56bfc062723c751e8b465ee728b)
Start importing Assets/Sunnyland/artwork/Sprites/player/run/player-run-4.png using Guid(bc3fcf1d561104bea933686de6bade4b) Importer(815301076,1909f56bfc062723c751e8b465ee728b)  -> (artifact id: 'd91a8828ce87504396858e53666d2371') in 0.011584 seconds
  Import took 0.014866 seconds .

========================================================================
Received Import Request.
  Time since last request: 0.000239 seconds.
  path: Assets/Sunnyland/artwork/Sprites/player/run/player-run-2.png
  artifactKey: Guid(d094cf6ac3d8a4d0bbbef5d6d6ad3eed) Importer(815301076,1909f56bfc062723c751e8b465ee728b)
Start importing Assets/Sunnyland/artwork/Sprites/player/run/player-run-2.png using Guid(d094cf6ac3d8a4d0bbbef5d6d6ad3eed) Importer(815301076,1909f56bfc062723c751e8b465ee728b)  -> (artifact id: '55f07c929b42f5c1ae345209c46be0ce') in 0.011997 seconds
  Import took 0.014749 seconds .

========================================================================
Received Import Request.
  Time since last request: 0.000239 seconds.
  path: Assets/Sunnyland/artwork/Sprites/player/run/player-run-6.png
  artifactKey: Guid(af314424f59d946469a97f398e8de53f) Importer(815301076,1909f56bfc062723c751e8b465ee728b)
Start importing Assets/Sunnyland/artwork/Sprites/player/run/player-run-6.png using Guid(af314424f59d946469a97f398e8de53f) Importer(815301076,1909f56bfc062723c751e8b465ee728b)  -> (artifact id: '32ddbf64b9aa4c9b8dcb927ee679be7f') in 0.010300 seconds
  Import took 0.013366 seconds .

========================================================================
Received Import Request.
  Time since last request: 0.000240 seconds.
  path: Assets/Sunnyland/artwork/Sprites/player/run/player-run-2.png
  artifactKey: Guid(d094cf6ac3d8a4d0bbbef5d6d6ad3eed) Importer(815301076,1909f56bfc062723c751e8b465ee728b)
Start importing Assets/Sunnyland/artwork/Sprites/player/run/player-run-2.png using Guid(d094cf6ac3d8a4d0bbbef5d6d6ad3eed) Importer(815301076,1909f56bfc062723c751e8b465ee728b)  -> (artifact id: '55f07c929b42f5c1ae345209c46be0ce') in 0.008245 seconds
  Import took 0.011303 seconds .

========================================================================
Received Prepare
Registering precompiled user dll's ...
Registered in 0.000997 seconds.
Begin MonoManager ReloadAssembly
Native extension for WindowsStandalone target not found
Native extension for OSXStandalone target not found
Native extension for WebGL target not found
Refreshing native plugins compatible for Editor in 0.39 ms, found 1 plugins.
Preloading 0 native plugins for Editor in 0.00 ms.
Invoked RoslynAnalysisRunner static constructor.
RoslynAnalysisRunner will not be running.
RoslynAnalysisRunner has terminated.
Mono: successfully reloaded assembly
- Completed reload, in  0.768 seconds
Platform modules already initialized, skipping
Refreshing native plugins compatible for Editor in 0.34 ms, found 1 plugins.
Preloading 0 native plugins for Editor in 0.00 ms.
Unloading 1811 Unused Serialized files (Serialized files now loaded: 0)
System memory in use before: 88.1 MB.
System memory in use after: 88.1 MB.

Unloading 12 unused Assets to reduce memory usage. Loaded Objects now: 2317.
Total: 1.861600 ms (FindLiveObjects: 0.180800 ms CreateObjectMapping: 0.057700 ms MarkObjects: 1.534200 ms  DeleteObjects: 0.088000 ms)

========================================================================
Received Prepare
Registering precompiled user dll's ...
Registered in 0.000878 seconds.
Begin MonoManager ReloadAssembly
Native extension for WindowsStandalone target not found
Native extension for OSXStandalone target not found
Native extension for WebGL target not found
Refreshing native plugins compatible for Editor in 0.35 ms, found 1 plugins.
Preloading 0 native plugins for Editor in 0.00 ms.
Invoked RoslynAnalysisRunner static constructor.
RoslynAnalysisRunner will not be running.
RoslynAnalysisRunner has terminated.
Mono: successfully reloaded assembly
- Completed reload, in  0.746 seconds
Platform modules already initialized, skipping
Refreshing native plugins compatible for Editor in 0.33 ms, found 1 plugins.
Preloading 0 native plugins for Editor in 0.00 ms.
Unloading 1811 Unused Serialized files (Serialized files now loaded: 0)
System memory in use before: 88.1 MB.
System memory in use after: 88.1 MB.

Unloading 12 unused Assets to reduce memory usage. Loaded Objects now: 2321.
Total: 2.218300 ms (FindLiveObjects: 0.198300 ms CreateObjectMapping: 0.070200 ms MarkObjects: 1.812300 ms  DeleteObjects: 0.136500 ms)

========================================================================
Received Prepare
Registering precompiled user dll's ...
Registered in 0.000822 seconds.
Begin MonoManager ReloadAssembly
Native extension for WindowsStandalone target not found
Native extension for OSXStandalone target not found
Native extension for WebGL target not found
Refreshing native plugins compatible for Editor in 0.34 ms, found 1 plugins.
Preloading 0 native plugins for Editor in 0.00 ms.
Invoked RoslynAnalysisRunner static constructor.
RoslynAnalysisRunner will not be running.
RoslynAnalysisRunner has terminated.
Mono: successfully reloaded assembly
- Completed reload, in  0.759 seconds
Platform modules already initialized, skipping
Refreshing native plugins compatible for Editor in 0.33 ms, found 1 plugins.
Preloading 0 native plugins for Editor in 0.00 ms.
Unloading 1811 Unused Serialized files (Serialized files now loaded: 0)
System memory in use before: 88.1 MB.
System memory in use after: 88.1 MB.

Unloading 12 unused Assets to reduce memory usage. Loaded Objects now: 2325.
Total: 2.132200 ms (FindLiveObjects: 0.188400 ms CreateObjectMapping: 0.061900 ms MarkObjects: 1.781600 ms  DeleteObjects: 0.099400 ms)

========================================================================
Received Prepare
Registering precompiled user dll's ...
Registered in 0.000909 seconds.
Begin MonoManager ReloadAssembly
Native extension for WindowsStandalone target not found
Native extension for OSXStandalone target not found
Native extension for WebGL target not found
Refreshing native plugins compatible for Editor in 0.36 ms, found 1 plugins.
Preloading 0 native plugins for Editor in 0.00 ms.
Invoked RoslynAnalysisRunner static constructor.
RoslynAnalysisRunner will not be running.
RoslynAnalysisRunner has terminated.
Mono: successfully reloaded assembly
- Completed reload, in  0.753 seconds
Platform modules already initialized, skipping
Refreshing native plugins compatible for Editor in 0.35 ms, found 1 plugins.
Preloading 0 native plugins for Editor in 0.00 ms.
Unloading 1811 Unused Serialized files (Serialized files now loaded: 0)
System memory in use before: 88.1 MB.
System memory in use after: 88.1 MB.

Unloading 12 unused Assets to reduce memory usage. Loaded Objects now: 2329.
Total: 1.871600 ms (FindLiveObjects: 0.185700 ms CreateObjectMapping: 0.068200 ms MarkObjects: 1.519600 ms  DeleteObjects: 0.097200 ms)

========================================================================
Received Import Request.
  Time since last request: 872.653725 seconds.
  path: Assets/Animation
  artifactKey: Guid(86b2a7bcf4977474f959f4f594c06c42) Importer(815301076,1909f56bfc062723c751e8b465ee728b)
Start importing Assets/Animation using Guid(86b2a7bcf4977474f959f4f594c06c42) Importer(815301076,1909f56bfc062723c751e8b465ee728b)  -> (artifact id: 'a0451d42be8202ad39969b2c947af77b') in 0.006299 seconds
  Import took 0.009985 seconds .

========================================================================
Received Import Request.
  Time since last request: 24.305377 seconds.
  path: Assets/Animation/1st-Player.controller
  artifactKey: Guid(88db6f811e0f6ee49ab11f73d0d700da) Importer(815301076,1909f56bfc062723c751e8b465ee728b)
Start importing Assets/Animation/1st-Player.controller using Guid(88db6f811e0f6ee49ab11f73d0d700da) Importer(815301076,1909f56bfc062723c751e8b465ee728b)  -> (artifact id: 'cca91c06e4b9ee090cce680b16f56ca8') in 0.012698 seconds
  Import took 0.016119 seconds .

========================================================================
Received Prepare
Registering precompiled user dll's ...
Registered in 0.000952 seconds.
Begin MonoManager ReloadAssembly
Native extension for WindowsStandalone target not found
Native extension for OSXStandalone target not found
Native extension for WebGL target not found
Refreshing native plugins compatible for Editor in 0.34 ms, found 1 plugins.
Preloading 0 native plugins for Editor in 0.00 ms.
Invoked RoslynAnalysisRunner static constructor.
RoslynAnalysisRunner will not be running.
RoslynAnalysisRunner has terminated.
Mono: successfully reloaded assembly
- Completed reload, in  0.747 seconds
Platform modules already initialized, skipping
Refreshing native plugins compatible for Editor in 0.32 ms, found 1 plugins.
Preloading 0 native plugins for Editor in 0.00 ms.
Unloading 1811 Unused Serialized files (Serialized files now loaded: 0)
System memory in use before: 88.2 MB.
System memory in use after: 88.1 MB.

Unloading 12 unused Assets to reduce memory usage. Loaded Objects now: 2333.
Total: 1.948000 ms (FindLiveObjects: 0.253100 ms CreateObjectMapping: 0.059600 ms MarkObjects: 1.502000 ms  DeleteObjects: 0.132200 ms)

========================================================================
Received Prepare
Registering precompiled user dll's ...
Registered in 0.000825 seconds.
Begin MonoManager ReloadAssembly
Native extension for WindowsStandalone target not found
Native extension for OSXStandalone target not found
Native extension for WebGL target not found
Refreshing native plugins compatible for Editor in 0.35 ms, found 1 plugins.
Preloading 0 native plugins for Editor in 0.00 ms.
Invoked RoslynAnalysisRunner static constructor.
RoslynAnalysisRunner will not be running.
RoslynAnalysisRunner has terminated.
Mono: successfully reloaded assembly
- Completed reload, in  0.757 seconds
Platform modules already initialized, skipping
Refreshing native plugins compatible for Editor in 0.33 ms, found 1 plugins.
Preloading 0 native plugins for Editor in 0.00 ms.
Unloading 1811 Unused Serialized files (Serialized files now loaded: 0)
System memory in use before: 88.2 MB.
System memory in use after: 88.2 MB.

Unloading 12 unused Assets to reduce memory usage. Loaded Objects now: 2337.
Total: 2.501100 ms (FindLiveObjects: 0.250100 ms CreateObjectMapping: 0.063700 ms MarkObjects: 2.036400 ms  DeleteObjects: 0.149700 ms)

========================================================================
Received Prepare
Registering precompiled user dll's ...
Registered in 0.000876 seconds.
Begin MonoManager ReloadAssembly
Native extension for WindowsStandalone target not found
Native extension for OSXStandalone target not found
Native extension for WebGL target not found
Refreshing native plugins compatible for Editor in 0.37 ms, found 1 plugins.
Preloading 0 native plugins for Editor in 0.00 ms.
Invoked RoslynAnalysisRunner static constructor.
RoslynAnalysisRunner will not be running.
RoslynAnalysisRunner has terminated.
Mono: successfully reloaded assembly
- Completed reload, in  0.737 seconds
Platform modules already initialized, skipping
Refreshing native plugins compatible for Editor in 0.39 ms, found 1 plugins.
Preloading 0 native plugins for Editor in 0.00 ms.
Unloading 1811 Unused Serialized files (Serialized files now loaded: 0)
System memory in use before: 88.2 MB.
System memory in use after: 88.2 MB.

Unloading 12 unused Assets to reduce memory usage. Loaded Objects now: 2341.
Total: 2.101500 ms (FindLiveObjects: 0.206500 ms CreateObjectMapping: 0.067300 ms MarkObjects: 1.724000 ms  DeleteObjects: 0.102600 ms)

========================================================================
Received Import Request.
  Time since last request: 610.846809 seconds.
  path: Assets/Animation/1st-Player.controller
  artifactKey: Guid(88db6f811e0f6ee49ab11f73d0d700da) Importer(815301076,1909f56bfc062723c751e8b465ee728b)
Start importing Assets/Animation/1st-Player.controller using Guid(88db6f811e0f6ee49ab11f73d0d700da) Importer(815301076,1909f56bfc062723c751e8b465ee728b)  -> (artifact id: 'a13858fbc93fa31811c23254d640be52') in 0.015083 seconds
  Import took 0.021995 seconds .

========================================================================
Received Prepare
Registering precompiled user dll's ...
Registered in 0.000875 seconds.
Begin MonoManager ReloadAssembly
Native extension for WindowsStandalone target not found
Native extension for OSXStandalone target not found
Native extension for WebGL target not found
Refreshing native plugins compatible for Editor in 0.36 ms, found 1 plugins.
Preloading 0 native plugins for Editor in 0.00 ms.
Invoked RoslynAnalysisRunner static constructor.
RoslynAnalysisRunner will not be running.
RoslynAnalysisRunner has terminated.
Mono: successfully reloaded assembly
- Completed reload, in  0.749 seconds
Platform modules already initialized, skipping
Refreshing native plugins compatible for Editor in 0.36 ms, found 1 plugins.
Preloading 0 native plugins for Editor in 0.00 ms.
Unloading 1811 Unused Serialized files (Serialized files now loaded: 0)
System memory in use before: 88.2 MB.
System memory in use after: 88.2 MB.

Unloading 12 unused Assets to reduce memory usage. Loaded Objects now: 2345.
Total: 2.056200 ms (FindLiveObjects: 0.186400 ms CreateObjectMapping: 0.057200 ms MarkObjects: 1.716400 ms  DeleteObjects: 0.095100 ms)

========================================================================
Received Prepare
Registering precompiled user dll's ...
Registered in 0.001040 seconds.
Begin MonoManager ReloadAssembly
Native extension for WindowsStandalone target not found
Native extension for OSXStandalone target not found
Native extension for WebGL target not found
Refreshing native plugins compatible for Editor in 0.34 ms, found 1 plugins.
Preloading 0 native plugins for Editor in 0.00 ms.
Invoked RoslynAnalysisRunner static constructor.
RoslynAnalysisRunner will not be running.
RoslynAnalysisRunner has terminated.
Mono: successfully reloaded assembly
- Completed reload, in  0.748 seconds
Platform modules already initialized, skipping
Refreshing native plugins compatible for Editor in 0.34 ms, found 1 plugins.
Preloading 0 native plugins for Editor in 0.00 ms.
Unloading 1811 Unused Serialized files (Serialized files now loaded: 0)
System memory in use before: 88.2 MB.
System memory in use after: 88.2 MB.

Unloading 12 unused Assets to reduce memory usage. Loaded Objects now: 2349.
Total: 2.001700 ms (FindLiveObjects: 0.223700 ms CreateObjectMapping: 0.061800 ms MarkObjects: 1.577900 ms  DeleteObjects: 0.137200 ms)

AssetImportWorkerClient::OnTransportError - code=2 error=End of file
